# JRE version: OpenJDK Runtime Environment Temurin-22.0.1+8 (22.0.1+8) (build 22.0.1+8)
# Java VM: OpenJDK 64-Bit Server VM Temurin-22.0.1+8 (22.0.1+8, mixed mode, emulated-client, tiered, compressed oops, compressed class ptrs, g1 gc, windows-amd64)
GC Precious Log:
 CardTable entry size: 512
 Card Set container configuration: InlinePtr #cards 4 size 8 Array Of Cards #cards 16 size 48 Howl #buckets 8 coarsen threshold 3686 Howl Bitmap #cards 512 size 80 coarsen threshold 460 Card regions per heap region 1 cards per card region 4096
 CPUs: 8 total, 8 available
 Memory: 16180M
 Large Page Support: Disabled
 NUMA Support: Disabled
 Compressed Oops: Enabled (Zero based)
 Heap Region Size: 2M
 Heap Min Capacity: 8M
 Heap Initial Capacity: 254M
 Heap Max Capacity: 4046M
 Pre-touch: Disabled
 Parallel Workers: 8
 Concurrent Workers: 2
 Concurrent Refinement Workers: 8
 Periodic GC: Disabled
Heap:
 garbage-first heap   total reserved 4143104K, committed 116736K, used 65554K [0x0000000703200000, 0x0000000800000000)
  region size 2048K, 19 young (38912K), 0 survivors (0K)
 Metaspace       used 56795K, committed 57472K, reserved 1114112K
  class space    used 6958K, committed 7232K, reserved 1048576K
GC Heap History (20 events):
Event: 3595.811 GC heap before
{Heap before GC invocations=265 (full 8):
 garbage-first heap   total reserved 4143104K, committed 131072K, used 115378K [0x0000000703200000, 0x0000000800000000)
  region size 2048K, 31 young (63488K), 3 survivors (6144K)
 Metaspace       used 55792K, committed 56640K, reserved 1114112K
  class space    used 6837K, committed 7168K, reserved 1048576K
}
Event: 3595.813 GC heap after
{Heap after GC invocations=266 (full 8):
 garbage-first heap   total reserved 4143104K, committed 131072K, used 56928K [0x0000000703200000, 0x0000000800000000)
  region size 2048K, 1 young (2048K), 1 survivors (2048K)
 Metaspace       used 55792K, committed 56640K, reserved 1114112K
  class space    used 6837K, committed 7168K, reserved 1048576K
}
Event: 3612.366 GC heap before
{Heap before GC invocations=266 (full 8):
 garbage-first heap   total reserved 4143104K, committed 131072K, used 118368K [0x0000000703200000, 0x0000000800000000)
  region size 2048K, 31 young (63488K), 1 survivors (2048K)
 Metaspace       used 55792K, committed 56640K, reserved 1114112K
  class space    used 6837K, committed 7168K, reserved 1048576K
}
Event: 3612.367 GC heap after
{Heap after GC invocations=267 (full 8):
 garbage-first heap   total reserved 4143104K, committed 131072K, used 56325K [0x0000000703200000, 0x0000000800000000)
  region size 2048K, 1 young (2048K), 1 survivors (2048K)
 Metaspace       used 55792K, committed 56640K, reserved 1114112K
  class space    used 6837K, committed 7168K, reserved 1048576K
}
Event: 3628.624 GC heap before
{Heap before GC invocations=268 (full 8):
 garbage-first heap   total reserved 4143104K, committed 131072K, used 113669K [0x0000000703200000, 0x0000000800000000)
  region size 2048K, 31 young (63488K), 1 survivors (2048K)
 Metaspace       used 55781K, committed 56640K, reserved 1114112K
  class space    used 6834K, committed 7168K, reserved 1048576K
}
Event: 3628.625 GC heap after
{Heap after GC invocations=269 (full 8):
 garbage-first heap   total reserved 4143104K, committed 131072K, used 52160K [0x0000000703200000, 0x0000000800000000)
  region size 2048K, 1 young (2048K), 1 survivors (2048K)
 Metaspace       used 55781K, committed 56640K, reserved 1114112K
  class space    used 6834K, committed 7168K, reserved 1048576K
}
Event: 3647.053 GC heap before
{Heap before GC invocations=269 (full 8):
 garbage-first heap   total reserved 4143104K, committed 131072K, used 117696K [0x0000000703200000, 0x0000000800000000)
  region size 2048K, 33 young (67584K), 1 survivors (2048K)
 Metaspace       used 55795K, committed 56640K, reserved 1114112K
  class space    used 6838K, committed 7168K, reserved 1048576K
}
Event: 3647.056 GC heap after
{Heap after GC invocations=270 (full 8):
 garbage-first heap   total reserved 4143104K, committed 131072K, used 44461K [0x0000000703200000, 0x0000000800000000)
  region size 2048K, 3 young (6144K), 3 survivors (6144K)
 Metaspace       used 55795K, committed 56640K, reserved 1114112K
  class space    used 6838K, committed 7168K, reserved 1048576K
}
Event: 3668.505 GC heap before
{Heap before GC invocations=270 (full 8):
 garbage-first heap   total reserved 4143104K, committed 131072K, used 112045K [0x0000000703200000, 0x0000000800000000)
  region size 2048K, 36 young (73728K), 3 survivors (6144K)
 Metaspace       used 55795K, committed 56640K, reserved 1114112K
  class space    used 6838K, committed 7168K, reserved 1048576K
}
Event: 3668.507 GC heap after
{Heap after GC invocations=271 (full 8):
 garbage-first heap   total reserved 4143104K, committed 131072K, used 42828K [0x0000000703200000, 0x0000000800000000)
  region size 2048K, 2 young (4096K), 2 survivors (4096K)
 Metaspace       used 55795K, committed 56640K, reserved 1114112K
  class space    used 6838K, committed 7168K, reserved 1048576K
}
Event: 3687.407 GC heap before
{Heap before GC invocations=271 (full 8):
 garbage-first heap   total reserved 4143104K, committed 131072K, used 114508K [0x0000000703200000, 0x0000000800000000)
  region size 2048K, 37 young (75776K), 2 survivors (4096K)
 Metaspace       used 55795K, committed 56640K, reserved 1114112K
  class space    used 6838K, committed 7168K, reserved 1048576K
}
Event: 3687.409 GC heap after
{Heap after GC invocations=272 (full 8):
 garbage-first heap   total reserved 4143104K, committed 131072K, used 45115K [0x0000000703200000, 0x0000000800000000)
  region size 2048K, 3 young (6144K), 3 survivors (6144K)
 Metaspace       used 55795K, committed 56640K, reserved 1114112K
  class space    used 6838K, committed 7168K, reserved 1048576K
}
Event: 3711.889 GC heap before
{Heap before GC invocations=272 (full 8):
 garbage-first heap   total reserved 4143104K, committed 131072K, used 112699K [0x0000000703200000, 0x0000000800000000)
  region size 2048K, 36 young (73728K), 3 survivors (6144K)
 Metaspace       used 55795K, committed 56640K, reserved 1114112K
  class space    used 6838K, committed 7168K, reserved 1048576K
}
Event: 3711.893 GC heap after
{Heap after GC invocations=273 (full 8):
 garbage-first heap   total reserved 4143104K, committed 131072K, used 48539K [0x0000000703200000, 0x0000000800000000)
  region size 2048K, 4 young (8192K), 4 survivors (8192K)
 Metaspace       used 55795K, committed 56640K, reserved 1114112K
  class space    used 6838K, committed 7168K, reserved 1048576K
}
Event: 3712.755 GC heap before
{Heap before GC invocations=273 (full 8):
 garbage-first heap   total reserved 4143104K, committed 131072K, used 56731K [0x0000000703200000, 0x0000000800000000)
  region size 2048K, 9 young (18432K), 4 survivors (8192K)
 Metaspace       used 55798K, committed 56640K, reserved 1114112K
  class space    used 6838K, committed 7168K, reserved 1048576K
}
Event: 3712.803 GC heap after
{Heap after GC invocations=274 (full 9):
 garbage-first heap   total reserved 4143104K, committed 116736K, used 30105K [0x0000000703200000, 0x0000000800000000)
  region size 2048K, 0 young (0K), 0 survivors (0K)
 Metaspace       used 55781K, committed 56640K, reserved 1114112K
  class space    used 6834K, committed 7168K, reserved 1048576K
}
Event: 3721.276 GC heap before
{Heap before GC invocations=274 (full 9):
 garbage-first heap   total reserved 4143104K, committed 116736K, used 95641K [0x0000000703200000, 0x0000000800000000)
  region size 2048K, 33 young (67584K), 0 survivors (0K)
 Metaspace       used 56604K, committed 57280K, reserved 1114112K
  class space    used 6947K, committed 7232K, reserved 1048576K
}
Event: 3721.282 GC heap after
{Heap after GC invocations=275 (full 9):
 garbage-first heap   total reserved 4143104K, committed 116736K, used 37802K [0x0000000703200000, 0x0000000800000000)
  region size 2048K, 4 young (8192K), 4 survivors (8192K)
 Metaspace       used 56604K, committed 57280K, reserved 1114112K
  class space    used 6947K, committed 7232K, reserved 1048576K
}
Event: 3738.158 GC heap before
{Heap before GC invocations=275 (full 9):
 garbage-first heap   total reserved 4143104K, committed 116736K, used 76714K [0x0000000703200000, 0x0000000800000000)
  region size 2048K, 24 young (49152K), 4 survivors (8192K)
 Metaspace       used 56608K, committed 57280K, reserved 1114112K
  class space    used 6948K, committed 7232K, reserved 1048576K
}
Event: 3738.200 GC heap after
{Heap after GC invocations=276 (full 10):
 garbage-first heap   total reserved 4143104K, committed 116736K, used 30738K [0x0000000703200000, 0x0000000800000000)
  region size 2048K, 0 young (0K), 0 survivors (0K)
 Metaspace       used 56559K, committed 57280K, reserved 1114112K
  class space    used 6935K, committed 7232K, reserved 1048576K
}

